Line 20: Class Tributacao.jcFrames of control frTela was not a loaded control class.
Line 74: Class Tributacao.jcFrames of control jcFrames1 was not a loaded control class.
Line 106: Class prjChameleon.chameleonButton of control cmdVoltar1 was not a loaded control class.
Line 146: Class Tributacao.jcFrames of control jcFrames2 was not a loaded control class.
Line 169: Class MSComctlLib.ListView of control lvCnae was not a loaded control class.
Line 197: Class prjChameleon.chameleonButton of control cmdGravar was not a loaded control class.
Line 922: Class Tributacao.jcFrames of control frTela was not a loaded control class.
Line 965: Class vbAcceleratorSGrid6.vbalGrid of control grdMain was not a loaded control class.
Line 996: Class prjChameleon.chameleonButton of control cmdSair was not a loaded control class.
Line 1036: Class prjChameleon.chameleonButton of control cmdOpen was not a loaded control class.
Line 26: The property name _ExtentX in frTela is invalid.
Line 27: The property name _ExtentY in frTela is invalid.
Line 29: The property name Style in frTela is invalid.
Line 30: The property name RoundedCornerTxtBox in frTela is invalid.
Line 31: The property name Caption in frTela is invalid.
Line 41: The property name ThemeColor in frTela is invalid.
Line 42: The property name ColorFrom in frTela is invalid.
Line 43: The property name ColorTo in frTela is invalid.
Line 79: The property name _ExtentX in jcFrames1 is invalid.
Line 80: The property name _ExtentY in jcFrames1 is invalid.
Line 82: The property name Style in jcFrames1 is invalid.
Line 83: The property name RoundedCornerTxtBox in jcFrames1 is invalid.
Line 84: The property name Caption in jcFrames1 is invalid.
Line 94: The property name ThemeColor in jcFrames1 is invalid.
Line 95: The property name ColorFrom in jcFrames1 is invalid.
Line 96: The property name ColorTo in jcFrames1 is invalid.
Line 113: The property name _ExtentX in cmdVoltar1 is invalid.
Line 114: The property name _ExtentY in cmdVoltar1 is invalid.
Line 115: The property name BTYPE in cmdVoltar1 is invalid.
Line 116: The property name TX in cmdVoltar1 is invalid.
Line 117: The property name ENAB in cmdVoltar1 is invalid.
Line 127: The property name COLTYPE in cmdVoltar1 is invalid.
Line 128: The property name FOCUSR in cmdVoltar1 is invalid.
Line 129: The property name BCOL in cmdVoltar1 is invalid.
Line 130: The property name BCOLO in cmdVoltar1 is invalid.
Line 131: The property name FCOL in cmdVoltar1 is invalid.
Line 132: The property name FCOLO in cmdVoltar1 is invalid.
Line 133: The property name MCOL in cmdVoltar1 is invalid.
Line 134: The property name MPTR in cmdVoltar1 is invalid.
Line 135: The property name MICON in cmdVoltar1 is invalid.
Line 136: The property name PICN in cmdVoltar1 is invalid.
Line 137: The property name UMCOL in cmdVoltar1 is invalid.
Line 138: The property name SOFT in cmdVoltar1 is invalid.
Line 139: The property name PICPOS in cmdVoltar1 is invalid.
Line 140: The property name NGREY in cmdVoltar1 is invalid.
Line 141: The property name FX in cmdVoltar1 is invalid.
Line 142: The property name HAND in cmdVoltar1 is invalid.
Line 143: The property name CHECK in cmdVoltar1 is invalid.
Line 144: The property name VALUE in cmdVoltar1 is invalid.
Line 151: The property name _ExtentX in jcFrames2 is invalid.
Line 152: The property name _ExtentY in jcFrames2 is invalid.
Line 154: The property name Style in jcFrames2 is invalid.
Line 155: The property name RoundedCornerTxtBox in jcFrames2 is invalid.
Line 156: The property name Caption in jcFrames2 is invalid.
Line 166: The property name ThemeColor in jcFrames2 is invalid.
Line 167: The property name ColorFrom in jcFrames2 is invalid.
Line 168: The property name ColorTo in jcFrames2 is invalid.
Line 175: The property name _ExtentX in lvCnae is invalid.
Line 176: The property name _ExtentY in lvCnae is invalid.
Line 177: The property name View in lvCnae is invalid.
Line 178: The property name LabelWrap in lvCnae is invalid.
Line 179: The property name HideSelection in lvCnae is invalid.
Line 180: The property name _Version in lvCnae is invalid.
Line 185: The property name NumItems in lvCnae is invalid.
Line 189: The property name ColumnHeader(1) in lvCnae is invalid.
Line 194: The property name ColumnHeader(2) in lvCnae is invalid.
Line 204: The property name _ExtentX in cmdGravar is invalid.
Line 205: The property name _ExtentY in cmdGravar is invalid.
Line 206: The property name BTYPE in cmdGravar is invalid.
Line 207: The property name TX in cmdGravar is invalid.
Line 208: The property name ENAB in cmdGravar is invalid.
Line 218: The property name COLTYPE in cmdGravar is invalid.
Line 219: The property name FOCUSR in cmdGravar is invalid.
Line 220: The property name BCOL in cmdGravar is invalid.
Line 221: The property name BCOLO in cmdGravar is invalid.
Line 222: The property name FCOL in cmdGravar is invalid.
Line 223: The property name FCOLO in cmdGravar is invalid.
Line 224: The property name MCOL in cmdGravar is invalid.
Line 225: The property name MPTR in cmdGravar is invalid.
Line 226: The property name MICON in cmdGravar is invalid.
Line 227: The property name PICN in cmdGravar is invalid.
Line 228: The property name UMCOL in cmdGravar is invalid.
Line 229: The property name SOFT in cmdGravar is invalid.
Line 230: The property name PICPOS in cmdGravar is invalid.
Line 231: The property name NGREY in cmdGravar is invalid.
Line 232: The property name FX in cmdGravar is invalid.
Line 233: The property name HAND in cmdGravar is invalid.
Line 234: The property name CHECK in cmdGravar is invalid.
Line 235: The property name VALUE in cmdGravar is invalid.
Line 928: The property name _ExtentX in frTela is invalid.
Line 929: The property name _ExtentY in frTela is invalid.
Line 931: The property name Style in frTela is invalid.
Line 932: The property name RoundedCornerTxtBox in frTela is invalid.
Line 933: The property name Caption in frTela is invalid.
Line 943: The property name ThemeColor in frTela is invalid.
Line 944: The property name ColorFrom in frTela is invalid.
Line 945: The property name ColorTo in frTela is invalid.
Line 971: The property name _ExtentX in grdMain is invalid.
Line 972: The property name _ExtentY in grdMain is invalid.
Line 973: The property name GridLines in grdMain is invalid.
Line 974: The property name BackgroundPictureHeight in grdMain is invalid.
Line 975: The property name BackgroundPictureWidth in grdMain is invalid.
Line 986: The property name HeaderDragReorderColumns in grdMain is invalid.
Line 987: The property name HeaderHotTrack in grdMain is invalid.
Line 988: The property name HeaderFlat in grdMain is invalid.
Line 990: The property name ScrollBarStyle in grdMain is invalid.
Line 991: The property name Editable in grdMain is invalid.
Line 992: The property name DisableIcons in grdMain is invalid.
Line 993: The property name DrawFocusRectangle in grdMain is invalid.
Line 994: The property name SelectionAlphaBlend in grdMain is invalid.
Line 965: Property BorderStyle in grdMain could not be set.
Line 1003: The property name _ExtentX in cmdSair is invalid.
Line 1004: The property name _ExtentY in cmdSair is invalid.
Line 1005: The property name BTYPE in cmdSair is invalid.
Line 1006: The property name TX in cmdSair is invalid.
Line 1007: The property name ENAB in cmdSair is invalid.
Line 1017: The property name COLTYPE in cmdSair is invalid.
Line 1018: The property name FOCUSR in cmdSair is invalid.
Line 1019: The property name BCOL in cmdSair is invalid.
Line 1020: The property name BCOLO in cmdSair is invalid.
Line 1021: The property name FCOL in cmdSair is invalid.
Line 1022: The property name FCOLO in cmdSair is invalid.
Line 1023: The property name MCOL in cmdSair is invalid.
Line 1024: The property name MPTR in cmdSair is invalid.
Line 1025: The property name MICON in cmdSair is invalid.
Line 1026: The property name PICN in cmdSair is invalid.
Line 1027: The property name UMCOL in cmdSair is invalid.
Line 1028: The property name SOFT in cmdSair is invalid.
Line 1029: The property name PICPOS in cmdSair is invalid.
Line 1030: The property name NGREY in cmdSair is invalid.
Line 1031: The property name FX in cmdSair is invalid.
Line 1032: The property name HAND in cmdSair is invalid.
Line 1033: The property name CHECK in cmdSair is invalid.
Line 1034: The property name VALUE in cmdSair is invalid.
Line 1043: The property name _ExtentX in cmdOpen is invalid.
Line 1044: The property name _ExtentY in cmdOpen is invalid.
Line 1045: The property name BTYPE in cmdOpen is invalid.
Line 1046: The property name TX in cmdOpen is invalid.
Line 1047: The property name ENAB in cmdOpen is invalid.
Line 1057: The property name COLTYPE in cmdOpen is invalid.
Line 1058: The property name FOCUSR in cmdOpen is invalid.
Line 1059: The property name BCOL in cmdOpen is invalid.
Line 1060: The property name BCOLO in cmdOpen is invalid.
Line 1061: The property name FCOL in cmdOpen is invalid.
Line 1062: The property name FCOLO in cmdOpen is invalid.
Line 1063: The property name MCOL in cmdOpen is invalid.
Line 1064: The property name MPTR in cmdOpen is invalid.
Line 1065: The property name MICON in cmdOpen is invalid.
Line 1066: The property name PICN in cmdOpen is invalid.
Line 1067: The property name UMCOL in cmdOpen is invalid.
Line 1068: The property name SOFT in cmdOpen is invalid.
Line 1069: The property name PICPOS in cmdOpen is invalid.
Line 1070: The property name NGREY in cmdOpen is invalid.
Line 1071: The property name FX in cmdOpen is invalid.
Line 1072: The property name HAND in cmdOpen is invalid.
Line 1073: The property name CHECK in cmdOpen is invalid.
Line 1074: The property name VALUE in cmdOpen is invalid.
